Performing C SOURCE FILE Test CMAKE_HAVE_LIBC_PTHREAD failed with the following output:
Change Dir: /home/workspace/terminal/cmake-build-debug/CMakeFiles/CMakeTmp

Run Build Command(s):/usr/bin/gmake cmTC_96cbb/fast && /usr/bin/gmake  -f CMakeFiles/cmTC_96cbb.dir/build.make CMakeFiles/cmTC_96cbb.dir/build
gmake[1]: 进入目录“/home/workspace/terminal/cmake-build-debug/CMakeFiles/CMakeTmp”
Building C object CMakeFiles/cmTC_96cbb.dir/src.c.o
/usr/bin/cc   -DCMAKE_HAVE_LIBC_PTHREAD -o CMakeFiles/cmTC_96cbb.dir/src.c.o -c /home/workspace/terminal/cmake-build-debug/CMakeFiles/CMakeTmp/src.c
Linking C executable cmTC_96cbb
/usr/local/bin/cmake -E cmake_link_script CMakeFiles/cmTC_96cbb.dir/link.txt --verbose=1
/usr/bin/cc  -DCMAKE_HAVE_LIBC_PTHREAD -rdynamic CMakeFiles/cmTC_96cbb.dir/src.c.o -o cmTC_96cbb 
CMakeFiles/cmTC_96cbb.dir/src.c.o：在函数‘main’中：
src.c:(.text+0x2d)：对‘pthread_create’未定义的引用
src.c:(.text+0x39)：对‘pthread_detach’未定义的引用
src.c:(.text+0x45)：对‘pthread_cancel’未定义的引用
src.c:(.text+0x56)：对‘pthread_join’未定义的引用
src.c:(.text+0x6a)：对‘pthread_atfork’未定义的引用
collect2: 错误：ld 返回 1
gmake[1]: *** [cmTC_96cbb] 错误 1
gmake[1]: 离开目录“/home/workspace/terminal/cmake-build-debug/CMakeFiles/CMakeTmp”
gmake: *** [cmTC_96cbb/fast] 错误 2


Source file was:
#include <pthread.h>

void* test_func(void* data)
{
  return data;
}

int main(void)
{
  pthread_t thread;
  pthread_create(&thread, NULL, test_func, NULL);
  pthread_detach(thread);
  pthread_cancel(thread);
  pthread_join(thread, NULL);
  pthread_atfork(NULL, NULL, NULL);
  pthread_exit(NULL);

  return 0;
}

Determining if the function pthread_create exists in the pthreads failed with the following output:
Change Dir: /home/workspace/terminal/cmake-build-debug/CMakeFiles/CMakeTmp

Run Build Command(s):/usr/bin/gmake cmTC_df76b/fast && /usr/bin/gmake  -f CMakeFiles/cmTC_df76b.dir/build.make CMakeFiles/cmTC_df76b.dir/build
gmake[1]: 进入目录“/home/workspace/terminal/cmake-build-debug/CMakeFiles/CMakeTmp”
Building C object CMakeFiles/cmTC_df76b.dir/CheckFunctionExists.c.o
/usr/bin/cc   -DCHECK_FUNCTION_EXISTS=pthread_create -o CMakeFiles/cmTC_df76b.dir/CheckFunctionExists.c.o -c /usr/local/share/cmake-3.18/Modules/CheckFunctionExists.c
Linking C executable cmTC_df76b
/usr/local/bin/cmake -E cmake_link_script CMakeFiles/cmTC_df76b.dir/link.txt --verbose=1
/usr/bin/cc  -DCHECK_FUNCTION_EXISTS=pthread_create -rdynamic CMakeFiles/cmTC_df76b.dir/CheckFunctionExists.c.o -o cmTC_df76b  -lpthreads 
/usr/bin/ld: 找不到 -lpthreads
collect2: 错误：ld 返回 1
gmake[1]: *** [cmTC_df76b] 错误 1
gmake[1]: 离开目录“/home/workspace/terminal/cmake-build-debug/CMakeFiles/CMakeTmp”
gmake: *** [cmTC_df76b/fast] 错误 2



